service/build/outputs/logs/manifest-merger-debug-report.txt
-- Merging decision tree log ---
manifest
ADDED from src\main\AndroidManifest.xml:1:1-13:12
INJECTED from src\main\AndroidManifest.xml:1:1-13:12
INJECTED from src\main\AndroidManifest.xml:1:1-13:12
INJECTED from src\main\AndroidManifest.xml:1:1-13:12
INJECTED from src\main\AndroidManifest.xml:1:1-13:12
INJECTED from src\main\AndroidManifest.xml:1:1-13:12
INJECTED from src\main\AndroidManifest.xml:1:1-13:12
	package
		ADDED from src\main\AndroidManifest.xml:2:11-46
		INJECTED from src\main\AndroidManifest.xml
		INJECTED from src\main\AndroidManifest.xml
	android:versionName
		INJECTED from src\main\AndroidManifest.xml
		ADDED from src\main\AndroidManifest.xml:1:1-13:12
		INJECTED from src\main\AndroidManifest.xml
	android:versionCode
		INJECTED from src\main\AndroidManifest.xml
		ADDED from src\main\AndroidManifest.xml:1:1-13:12
		INJECTED from src\main\AndroidManifest.xml
	xmlns:android
		ADDED from src\main\AndroidManifest.xml:1:11-69
uses-permission#android.permission.ACCESS_NETWORK_STATE
ADDED from src\main\AndroidManifest.xml:4:3-77
	android:name
		ADDED from src\main\AndroidManifest.xml:4:20-74
application
ADDED from src\main\AndroidManifest.xml:6:3-12:17
	android:supportsRtl
		ADDED from src\main\AndroidManifest.xml:6:76-102
	android:label
		ADDED from src\main\AndroidManifest.xml:6:43-75
	android:allowBackup
		ADDED from src\main\AndroidManifest.xml:6:16-42
service#com.alpine.sample.service._19BbService
ADDED from src\main\AndroidManifest.xml:7:5-11:15
	android:exported
		ADDED from src\main\AndroidManifest.xml:7:43-67
	android:name
		ADDED from src\main\AndroidManifest.xml:7:14-42
intent-filter#action:name:com.alpine.sample.service._19BbService
ADDED from src\main\AndroidManifest.xml:8:7-10:23
action#com.alpine.sample.service._19BbService
ADDED from src\main\AndroidManifest.xml:9:9-73
	android:name
		ADDED from src\main\AndroidManifest.xml:9:17-70
uses-sdk
INJECTED from src\main\AndroidManifest.xml reason: use-sdk injection requested
INJECTED from src\main\AndroidManifest.xml
INJECTED from src\main\AndroidManifest.xml
INJECTED from src\main\AndroidManifest.xml
INJECTED from src\main\AndroidManifest.xml
	android:targetSdkVersion
		INJECTED from src\main\AndroidManifest.xml
		ADDED from src\main\AndroidManifest.xml
		INJECTED from src\main\AndroidManifest.xml
	android:minSdkVersion
		INJECTED from src\main\AndroidManifest.xml
		ADDED from src\main\AndroidManifest.xml
		INJECTED from src\main\AndroidManifest.xml